{"C:\\Users\\mmferreira\\Documents\\coding\\return-all\\src\\returnAll.ts": {"path":"C:\\Users\\mmferreira\\Documents\\coding\\return-all\\src\\returnAll.ts","statementMap":{"0":{"start":{"line":13,"column":2},"end":{"line":16,"column":null}},"1":{"start":{"line":15,"column":24},"end":{"line":15,"column":28}}},"fnMap":{"0":{"name":"returnAll","decl":{"start":{"line":10,"column":16},"end":{"line":10,"column":null}},"loc":{"start":{"line":12,"column":28},"end":{"line":16,"column":null}},"line":12},"1":{"name":"(anonymous_1)","decl":{"start":{"line":15,"column":12},"end":{"line":15,"column":17}},"loc":{"start":{"line":15,"column":24},"end":{"line":15,"column":28}},"line":15}},"branchMap":{},"s":{"0":5,"1":9},"f":{"0":5,"1":9},"b":{},"meta":{"lastBranch":0,"lastFunction":2,"lastStatement":2,"seen":{"f:10:16:10:Infinity":0,"s:13:2:16:Infinity":0,"f:15:12:15:17":1,"s:15:24:15:28":1}}}
,"C:\\Users\\mmferreira\\Documents\\coding\\return-all\\src\\returnAllAsync.ts": {"path":"C:\\Users\\mmferreira\\Documents\\coding\\return-all\\src\\returnAllAsync.ts","statementMap":{"0":{"start":{"line":13,"column":18},"end":{"line":13,"column":59}},"1":{"start":{"line":13,"column":53},"end":{"line":13,"column":57}},"2":{"start":{"line":14,"column":2},"end":{"line":14,"column":null}}},"fnMap":{"0":{"name":"returnAllAsync","decl":{"start":{"line":10,"column":22},"end":{"line":10,"column":null}},"loc":{"start":{"line":12,"column":44},"end":{"line":14,"column":null}},"line":12},"1":{"name":"(anonymous_1)","decl":{"start":{"line":13,"column":41},"end":{"line":13,"column":46}},"loc":{"start":{"line":13,"column":53},"end":{"line":13,"column":57}},"line":13}},"branchMap":{},"s":{"0":6,"1":11,"2":6},"f":{"0":6,"1":11},"b":{},"meta":{"lastBranch":0,"lastFunction":2,"lastStatement":3,"seen":{"f:10:22:10:Infinity":0,"s:13:18:13:59":0,"f:13:41:13:46":1,"s:13:53:13:57":1,"s:14:2:14:Infinity":2}}}
,"C:\\Users\\mmferreira\\Documents\\coding\\return-all\\src\\returnAllWithLabels.ts": {"path":"C:\\Users\\mmferreira\\Documents\\coding\\return-all\\src\\returnAllWithLabels.ts","statementMap":{"0":{"start":{"line":9,"column":2},"end":{"line":11,"column":null}},"1":{"start":{"line":10,"column":44},"end":{"line":10,"column":55}}},"fnMap":{"0":{"name":"returnAllWithLabels","decl":{"start":{"line":6,"column":16},"end":{"line":6,"column":null}},"loc":{"start":{"line":8,"column":25},"end":{"line":11,"column":null}},"line":8},"1":{"name":"(anonymous_1)","decl":{"start":{"line":10,"column":25},"end":{"line":10,"column":30}},"loc":{"start":{"line":10,"column":44},"end":{"line":10,"column":55}},"line":10}},"branchMap":{},"s":{"0":4,"1":6},"f":{"0":4,"1":6},"b":{},"meta":{"lastBranch":0,"lastFunction":2,"lastStatement":2,"seen":{"f:6:16:6:Infinity":0,"s:9:2:11:Infinity":0,"f:10:25:10:30":1,"s:10:44:10:55":1}}}
,"C:\\Users\\mmferreira\\Documents\\coding\\return-all\\src\\returnAllWithLabelsAsync.ts": {"path":"C:\\Users\\mmferreira\\Documents\\coding\\return-all\\src\\returnAllWithLabelsAsync.ts","statementMap":{"0":{"start":{"line":12,"column":18},"end":{"line":13,"column":null}},"1":{"start":{"line":13,"column":50},"end":{"line":13,"column":67}},"2":{"start":{"line":15,"column":2},"end":{"line":15,"column":null}}},"fnMap":{"0":{"name":"returnAllWithLabelsAsync","decl":{"start":{"line":9,"column":22},"end":{"line":9,"column":null}},"loc":{"start":{"line":11,"column":41},"end":{"line":15,"column":null}},"line":11},"1":{"name":"(anonymous_1)","decl":{"start":{"line":13,"column":29},"end":{"line":13,"column":36}},"loc":{"start":{"line":13,"column":50},"end":{"line":13,"column":67}},"line":13}},"branchMap":{},"s":{"0":5,"1":8,"2":5},"f":{"0":5,"1":8},"b":{},"meta":{"lastBranch":0,"lastFunction":2,"lastStatement":3,"seen":{"f:9:22:9:Infinity":0,"s:12:18:13:Infinity":0,"f:13:29:13:36":1,"s:13:50:13:67":1,"s:15:2:15:Infinity":2}}}
}
